0 verbose cli C:\Program Files\nodejs\node.exe C:\Users\user\AppData\Roaming\npm\node_modules\npm\bin\npm-cli.js
1 info using npm@11.6.2
2 info using node@v22.17.0
3 silly config load:file:C:\Users\user\AppData\Roaming\npm\node_modules\npm\npmrc
4 silly config load:file:h:\WebDev\NeuroCare\backend\.npmrc
5 silly config load:file:C:\Users\user\.npmrc
6 silly config load:file:C:\Users\user\AppData\Roaming\npm\etc\npmrc
7 verbose title npm install
8 verbose argv "install" "--package-lock-only"
9 verbose logfile logs-max:10 dir:H:\WebDev\NeuroCare\backend\.npm-cache\_logs\2025-10-10T17_46_20_158Z-
10 verbose logfile H:\WebDev\NeuroCare\backend\.npm-cache\_logs\2025-10-10T17_46_20_158Z-debug-0.log
11 silly logfile done cleaning log files
12 silly packumentCache heap:2197815296 maxSize:549453824 maxEntrySize:274726912
13 silly idealTree buildDeps
14 silly audit bulk request {
14 silly audit   backend: [ '1.0.0' ],
14 silly audit   '@esbuild/aix-ppc64': [ '0.25.1' ],
14 silly audit   '@esbuild/android-arm': [ '0.25.1' ],
14 silly audit   '@esbuild/android-arm64': [ '0.25.1' ],
14 silly audit   '@esbuild/android-x64': [ '0.25.1' ],
14 silly audit   '@esbuild/darwin-arm64': [ '0.25.1' ],
14 silly audit   '@esbuild/darwin-x64': [ '0.25.1' ],
14 silly audit   '@esbuild/freebsd-arm64': [ '0.25.1' ],
14 silly audit   '@esbuild/freebsd-x64': [ '0.25.1' ],
14 silly audit   '@esbuild/linux-arm': [ '0.25.1' ],
14 silly audit   '@esbuild/linux-arm64': [ '0.25.1' ],
14 silly audit   '@esbuild/linux-ia32': [ '0.25.1' ],
14 silly audit   '@esbuild/linux-loong64': [ '0.25.1' ],
14 silly audit   '@esbuild/linux-mips64el': [ '0.25.1' ],
14 silly audit   '@esbuild/linux-ppc64': [ '0.25.1' ],
14 silly audit   '@esbuild/linux-riscv64': [ '0.25.1' ],
14 silly audit   '@esbuild/linux-s390x': [ '0.25.1' ],
14 silly audit   '@esbuild/linux-x64': [ '0.25.1' ],
14 silly audit   '@esbuild/netbsd-arm64': [ '0.25.1' ],
14 silly audit   '@esbuild/netbsd-x64': [ '0.25.1' ],
14 silly audit   '@esbuild/openbsd-arm64': [ '0.25.1' ],
14 silly audit   '@esbuild/openbsd-x64': [ '0.25.1' ],
14 silly audit   '@esbuild/sunos-x64': [ '0.25.1' ],
14 silly audit   '@esbuild/win32-arm64': [ '0.25.1' ],
14 silly audit   '@esbuild/win32-ia32': [ '0.25.1' ],
14 silly audit   '@esbuild/win32-x64': [ '0.25.1' ],
14 silly audit   '@fastify/busboy': [ '3.1.1' ],
14 silly audit   '@firebase/app-check-interop-types': [ '0.3.3' ],
14 silly audit   '@firebase/app-types': [ '0.9.3' ],
14 silly audit   '@firebase/auth-interop-types': [ '0.2.4' ],
14 silly audit   '@firebase/component': [ '0.6.13' ],
14 silly audit   '@firebase/database': [ '1.0.14' ],
14 silly audit   '@firebase/database-compat': [ '2.0.5' ],
14 silly audit   '@firebase/database-types': [ '1.0.10' ],
14 silly audit   '@firebase/logger': [ '0.4.4' ],
14 silly audit   '@firebase/util': [ '1.11.0' ],
14 silly audit   '@google-cloud/firestore': [ '7.11.0' ],
14 silly audit   '@google-cloud/paginator': [ '5.0.2' ],
14 silly audit   '@google-cloud/projectify': [ '4.0.0' ],
14 silly audit   '@google-cloud/promisify': [ '4.1.0' ],
14 silly audit   '@google-cloud/storage': [ '7.15.2' ],
14 silly audit   mime: [ '3.0.0', '1.6.0' ],
14 silly audit   uuid: [ '8.3.2', '9.0.1', '11.1.0' ],
14 silly audit   '@grpc/grpc-js': [ '1.13.1' ],
14 silly audit   '@grpc/proto-loader': [ '0.7.13' ],
14 silly audit   '@js-sdsl/ordered-map': [ '4.4.2' ],
14 silly audit   '@opentelemetry/api': [ '1.9.0' ],
14 silly audit   '@prisma/client': [ '6.4.1' ],
14 silly audit   '@prisma/config': [ '6.5.0' ],
14 silly audit   '@prisma/debug': [ '6.5.0' ],
14 silly audit   '@prisma/engines': [ '6.5.0' ],
14 silly audit   '@prisma/engines-version': [ '6.5.0-73.173f8d54f8d52e692c7e27e72a88314ec7aeff60' ],
14 silly audit   '@prisma/fetch-engine': [ '6.5.0' ],
14 silly audit   '@prisma/get-platform': [ '6.5.0' ],
14 silly audit   '@protobufjs/aspromise': [ '1.1.2' ],
14 silly audit   '@protobufjs/base64': [ '1.1.2' ],
14 silly audit   '@protobufjs/codegen': [ '2.0.4' ],
14 silly audit   '@protobufjs/eventemitter': [ '1.1.0' ],
14 silly audit   '@protobufjs/fetch': [ '1.1.0' ],
14 silly audit   '@protobufjs/float': [ '1.0.2' ],
14 silly audit   '@protobufjs/inquire': [ '1.1.0' ],
14 silly audit   '@protobufjs/path': [ '1.1.2' ],
14 silly audit   '@protobufjs/pool': [ '1.1.0' ],
14 silly audit   '@protobufjs/utf8': [ '1.1.0' ],
14 silly audit   '@tootallnate/once': [ '2.0.0' ],
14 silly audit   '@types/body-parser': [ '1.19.5' ],
14 silly audit   '@types/caseless': [ '0.12.5' ],
14 silly audit   '@types/connect': [ '3.4.38' ],
14 silly audit   '@types/express': [ '4.17.21' ],
14 silly audit   '@types/express-serve-static-core': [ '4.19.6' ],
14 silly audit   '@types/http-errors': [ '2.0.4' ],
14 silly audit   '@types/jsonwebtoken': [ '9.0.9' ],
14 silly audit   '@types/long': [ '4.0.2' ],
14 silly audit   '@types/mime': [ '1.3.5' ],
14 silly audit   '@types/ms': [ '2.1.0' ],
14 silly audit   '@types/node': [ '22.13.12' ],
14 silly audit   '@types/qs': [ '6.9.18' ],
14 silly audit   '@types/range-parser': [ '1.2.7' ],
14 silly audit   '@types/request': [ '2.48.12' ],
14 silly audit   'form-data': [ '2.5.3', '4.0.2' ],
14 silly audit   '@types/send': [ '0.17.4' ],
14 silly audit   '@types/serve-static': [ '1.15.7' ],
14 silly audit   '@types/tough-cookie': [ '4.0.5' ],
14 silly audit   'abort-controller': [ '3.0.0' ],
14 silly audit   accepts: [ '1.3.8' ],
14 silly audit   'agent-base': [ '7.1.3', '6.0.2' ],
14 silly audit   'ansi-regex': [ '5.0.1' ],
14 silly audit   'ansi-styles': [ '4.3.0' ],
14 silly audit   anymatch: [ '3.1.3' ],
14 silly audit   'array-flatten': [ '1.1.1' ],
14 silly audit   arrify: [ '2.0.1' ],
14 silly audit   'async-retry': [ '1.3.3' ],
14 silly audit   asynckit: [ '0.4.0' ],
14 silly audit   axios: [ '1.8.1' ],
14 silly audit   'balanced-match': [ '1.0.2' ],
14 silly audit   'base64-js': [ '1.5.1' ],
14 silly audit   'bignumber.js': [ '9.1.2' ],
14 silly audit   'binary-extensions': [ '2.3.0' ],
14 silly audit   'body-parser': [ '1.20.3' ],
14 silly audit   'brace-expansion': [ '1.1.11' ],
14 silly audit   braces: [ '3.0.3' ],
14 silly audit   'buffer-equal-constant-time': [ '1.0.1' ],
14 silly audit   bytes: [ '3.1.2' ],
14 silly audit   'call-bind-apply-helpers': [ '1.0.2' ],
14 silly audit   'call-bound': [ '1.0.3' ],
14 silly audit   chokidar: [ '3.6.0' ],
14 silly audit   cliui: [ '8.0.1' ],
14 silly audit   'color-convert': [ '2.0.1' ],
14 silly audit   'color-name': [ '1.1.4' ],
14 silly audit   'combined-stream': [ '1.0.8' ],
14 silly audit   'concat-map': [ '0.0.1' ],
14 silly audit   'content-disposition': [ '0.5.4' ],
14 silly audit   'content-type': [ '1.0.5' ],
14 silly audit   cookie: [ '0.7.1' ],
14 silly audit   'cookie-signature': [ '1.0.6' ],
14 silly audit   cors: [ '2.8.5' ],
14 silly audit   debug: [ '2.6.9', '4.4.0' ],
14 silly audit   'delayed-stream': [ '1.0.0' ],
14 silly audit   depd: [ '2.0.0' ],
14 silly audit   destroy: [ '1.2.0' ],
14 silly audit   dotenv: [ '16.4.7' ],
14 silly audit   'dunder-proto': [ '1.0.1' ],
14 silly audit   duplexify: [ '4.1.3' ],
14 silly audit   'ecdsa-sig-formatter': [ '1.0.11' ],
14 silly audit   'ee-first': [ '1.1.1' ],
14 silly audit   'emoji-regex': [ '8.0.0' ],
14 silly audit   encodeurl: [ '2.0.0', '1.0.2' ],
14 silly audit   'end-of-stream': [ '1.4.4' ],
14 silly audit   'es-define-property': [ '1.0.1' ],
14 silly audit   'es-errors': [ '1.3.0' ],
14 silly audit   'es-object-atoms': [ '1.1.1' ],
14 silly audit   'es-set-tostringtag': [ '2.1.0' ],
14 silly audit   esbuild: [ '0.25.1' ],
14 silly audit   'esbuild-register': [ '3.6.0' ],
14 silly audit   ms: [ '2.1.3', '2.0.0' ],
14 silly audit   escalade: [ '3.2.0' ],
14 silly audit   'escape-html': [ '1.0.3' ],
14 silly audit   etag: [ '1.8.1' ],
14 silly audit   'event-target-shim': [ '5.0.1' ],
14 silly audit   express: [ '4.21.2' ],
14 silly audit   extend: [ '3.0.2' ],
14 silly audit   'farmhash-modern': [ '1.1.0' ],
14 silly audit   'fast-deep-equal': [ '3.1.3' ],
14 silly audit   'fast-xml-parser': [ '4.5.3' ],
14 silly audit   'faye-websocket': [ '0.11.4' ],
14 silly audit   'fill-range': [ '7.1.1' ],
14 silly audit   finalhandler: [ '1.3.1' ],
14 silly audit   'firebase-admin': [ '13.2.0' ],
14 silly audit   'follow-redirects': [ '1.15.9' ],
14 silly audit   forwarded: [ '0.2.0' ],
14 silly audit   fresh: [ '0.5.2' ],
14 silly audit   fsevents: [ '2.3.3' ],
14 silly audit   'function-bind': [ '1.1.2' ],
14 silly audit   'functional-red-black-tree': [ '1.0.1' ],
14 silly audit   gaxios: [ '6.7.1' ],
14 silly audit   'gcp-metadata': [ '6.1.1' ],
14 silly audit   'get-caller-file': [ '2.0.5' ],
14 silly audit   'get-intrinsic': [ '1.3.0' ],
14 silly audit   'get-proto': [ '1.0.1' ],
14 silly audit   'glob-parent': [ '5.1.2' ],
14 silly audit   'google-auth-library': [ '9.15.1' ],
14 silly audit   'google-gax': [ '4.4.1' ],
14 silly audit   'google-logging-utils': [ '0.0.2' ],
14 silly audit   gopd: [ '1.2.0' ],
14 silly audit   gtoken: [ '7.1.0' ],
14 silly audit   'has-flag': [ '3.0.0' ],
14 silly audit   'has-symbols': [ '1.1.0' ],
14 silly audit   'has-tostringtag': [ '1.0.2' ],
14 silly audit   hasown: [ '2.0.2' ],
14 silly audit   'html-entities': [ '2.5.3' ],
14 silly audit   'http-errors': [ '2.0.0' ],
14 silly audit   'http-parser-js': [ '0.5.9' ],
14 silly audit   'http-proxy-agent': [ '5.0.0' ],
14 silly audit   'https-proxy-agent': [ '7.0.6', '5.0.1' ],
14 silly audit   'iconv-lite': [ '0.4.24' ],
14 silly audit   'ignore-by-default': [ '1.0.1' ],
14 silly audit   inherits: [ '2.0.4' ],
14 silly audit   'ipaddr.js': [ '1.9.1' ],
14 silly audit   'is-binary-path': [ '2.1.0' ],
14 silly audit   'is-extglob': [ '2.1.1' ],
14 silly audit   'is-fullwidth-code-point': [ '3.0.0' ],
14 silly audit   'is-glob': [ '4.0.3' ],
14 silly audit   'is-number': [ '7.0.0' ],
14 silly audit   'is-stream': [ '2.0.1' ],
14 silly audit   jose: [ '4.15.9' ],
14 silly audit   'json-bigint': [ '1.0.0' ],
14 silly audit   jsonwebtoken: [ '9.0.2' ],
14 silly audit   jwa: [ '1.4.1', '2.0.0' ],
14 silly audit   jws: [ '3.2.2', '4.0.0' ],
14 silly audit   'jwks-rsa': [ '3.2.0' ],
14 silly audit   limiter: [ '1.1.5' ],
14 silly audit   'lodash.camelcase': [ '4.3.0' ],
14 silly audit   'lodash.clonedeep': [ '4.5.0' ],
14 silly audit   'lodash.includes': [ '4.3.0' ],
14 silly audit   'lodash.isboolean': [ '3.0.3' ],
14 silly audit   'lodash.isinteger': [ '4.0.4' ],
14 silly audit   'lodash.isnumber': [ '3.0.3' ],
14 silly audit   'lodash.isplainobject': [ '4.0.6' ],
14 silly audit   'lodash.isstring': [ '4.0.1' ],
14 silly audit   'lodash.once': [ '4.1.1' ],
14 silly audit   long: [ '5.3.1' ],
14 silly audit   'lru-cache': [ '6.0.0' ],
14 silly audit   'lru-memoizer': [ '2.3.0' ],
14 silly audit   'math-intrinsics': [ '1.1.0' ],
14 silly audit   'media-typer': [ '0.3.0' ],
14 silly audit   'merge-descriptors': [ '1.0.3' ],
14 silly audit   methods: [ '1.1.2' ],
14 silly audit   'mime-db': [ '1.52.0' ],
14 silly audit   'mime-types': [ '2.1.35' ],
14 silly audit   minimatch: [ '3.1.2' ],
14 silly audit   negotiator: [ '0.6.3' ],
14 silly audit   'node-fetch': [ '2.7.0' ],
14 silly audit   'node-forge': [ '1.3.1' ],
14 silly audit   nodemon: [ '3.1.9' ],
14 silly audit   'normalize-path': [ '3.0.0' ],
14 silly audit   'object-assign': [ '4.1.1' ],
14 silly audit   'object-hash': [ '3.0.0' ],
14 silly audit   'object-inspect': [ '1.13.4' ],
14 silly audit   'on-finished': [ '2.4.1' ],
14 silly audit   once: [ '1.4.0' ],
14 silly audit   'p-limit': [ '3.1.0' ],
14 silly audit   parseurl: [ '1.3.3' ],
14 silly audit   'path-to-regexp': [ '0.1.12' ],
14 silly audit   pg: [ '8.13.3' ],
14 silly audit   'pg-cloudflare': [ '1.1.1' ],
14 silly audit   'pg-connection-string': [ '2.7.0' ],
14 silly audit   'pg-int8': [ '1.0.1' ],
14 silly audit   'pg-pool': [ '3.7.1' ],
14 silly audit   'pg-protocol': [ '1.7.1' ],
14 silly audit   'pg-types': [ '2.2.0' ],
14 silly audit   pgpass: [ '1.0.5' ],
14 silly audit   picomatch: [ '2.3.1' ],
14 silly audit   'postgres-array': [ '2.0.0' ],
14 silly audit   'postgres-bytea': [ '1.0.0' ],
14 silly audit   'postgres-date': [ '1.0.7' ],
14 silly audit   'postgres-interval': [ '1.2.0' ],
14 silly audit   prisma: [ '6.5.0' ],
14 silly audit   'proto3-json-serializer': [ '2.0.2' ],
14 silly audit   protobufjs: [ '7.4.0' ],
14 silly audit   'proxy-addr': [ '2.0.7' ],
14 silly audit   'proxy-from-env': [ '1.1.0' ],
14 silly audit   'pstree.remy': [ '1.1.8' ],
14 silly audit   qs: [ '6.13.0' ],
14 silly audit   'range-parser': [ '1.2.1' ],
14 silly audit   'raw-body': [ '2.5.2' ],
14 silly audit   'readable-stream': [ '3.6.2' ],
14 silly audit   readdirp: [ '3.6.0' ],
14 silly audit   'require-directory': [ '2.1.1' ],
14 silly audit   retry: [ '0.13.1' ],
14 silly audit   'retry-request': [ '7.0.2' ],
14 silly audit   'safe-buffer': [ '5.2.1' ],
14 silly audit   'safer-buffer': [ '2.1.2' ],
14 silly audit   semver: [ '7.7.1' ],
14 silly audit   send: [ '0.19.0' ],
14 silly audit   'serve-static': [ '1.16.2' ],
14 silly audit   setprototypeof: [ '1.2.0' ],
14 silly audit   'side-channel': [ '1.1.0' ],
14 silly audit   'side-channel-list': [ '1.0.0' ],
14 silly audit   'side-channel-map': [ '1.0.1' ],
14 silly audit   'side-channel-weakmap': [ '1.0.2' ],
14 silly audit   'simple-update-notifier': [ '2.0.0' ],
14 silly audit   split2: [ '4.2.0' ],
14 silly audit   statuses: [ '2.0.1' ],
14 silly audit   'stream-events': [ '1.0.5' ],
14 silly audit   'stream-shift': [ '1.0.3' ],
14 silly audit   string_decoder: [ '1.3.0' ],
14 silly audit   'string-width': [ '4.2.3' ],
14 silly audit   'strip-ansi': [ '6.0.1' ],
14 silly audit   strnum: [ '1.1.2' ],
14 silly audit   stubs: [ '3.0.0' ],
14 silly audit   'supports-color': [ '5.5.0' ],
14 silly audit   'teeny-request': [ '9.0.0' ],
14 silly audit   'to-regex-range': [ '5.0.1' ],
14 silly audit   toidentifier: [ '1.0.1' ],
14 silly audit   touch: [ '3.1.1' ],
14 silly audit   tr46: [ '0.0.3' ],
14 silly audit   tslib: [ '2.8.1' ],
14 silly audit   'type-is': [ '1.6.18' ],
14 silly audit   undefsafe: [ '2.0.5' ],
14 silly audit   'undici-types': [ '6.20.0' ],
14 silly audit   unpipe: [ '1.0.0' ],
14 silly audit   'util-deprecate': [ '1.0.2' ],
14 silly audit   'utils-merge': [ '1.0.1' ],
14 silly audit   'vader-sentiment': [ '1.1.3' ],
14 silly audit   vary: [ '1.1.2' ],
14 silly audit   'webidl-conversions': [ '3.0.1' ],
14 silly audit   'websocket-driver': [ '0.7.4' ],
14 silly audit   'websocket-extensions': [ '0.1.4' ],
14 silly audit   'whatwg-url': [ '5.0.0' ],
14 silly audit   'wrap-ansi': [ '7.0.0' ],
14 silly audit   wrappy: [ '1.0.2' ],
14 silly audit   xtend: [ '4.0.2' ],
14 silly audit   y18n: [ '5.0.8' ],
14 silly audit   yallist: [ '4.0.0' ],
14 silly audit   yargs: [ '17.7.2' ],
14 silly audit   'yargs-parser': [ '21.1.1' ],
14 silly audit   'yocto-queue': [ '0.1.0' ]
14 silly audit }
15 http fetch POST 200 https://registry.npmjs.org/-/npm/v1/security/advisories/bulk 2256ms
16 silly audit report {
16 silly audit report   'form-data': [
16 silly audit report     {
16 silly audit report       id: 1106507,
16 silly audit report       url: 'https://github.com/advisories/GHSA-fjxv-7rqg-78g4',
16 silly audit report       title: 'form-data uses unsafe random function in form-data for choosing boundary',
16 silly audit report       severity: 'critical',
16 silly audit report       vulnerable_versions: '>=4.0.0 <4.0.4',
16 silly audit report       cwe: [Array],
16 silly audit report       cvss: [Object]
16 silly audit report     },
16 silly audit report     {
16 silly audit report       id: 1106509,
16 silly audit report       url: 'https://github.com/advisories/GHSA-fjxv-7rqg-78g4',
16 silly audit report       title: 'form-data uses unsafe random function in form-data for choosing boundary',
16 silly audit report       severity: 'critical',
16 silly audit report       vulnerable_versions: '<2.5.4',
16 silly audit report       cwe: [Array],
16 silly audit report       cvss: [Object]
16 silly audit report     }
16 silly audit report   ],
16 silly audit report   axios: [
16 silly audit report     {
16 silly audit report       id: 1103618,
16 silly audit report       url: 'https://github.com/advisories/GHSA-jr5f-v2jv-69x6',
16 silly audit report       title: 'axios Requests Vulnerable To Possible SSRF and Credential Leakage via Absolute URL',
16 silly audit report       severity: 'high',
16 silly audit report       vulnerable_versions: '>=1.0.0 <1.8.2',
16 silly audit report       cwe: [Array],
16 silly audit report       cvss: [Object]
16 silly audit report     },
16 silly audit report     {
16 silly audit report       id: 1108263,
16 silly audit report       url: 'https://github.com/advisories/GHSA-4hjh-wcwx-xvwj',
16 silly audit report       title: 'Axios is vulnerable to DoS attack through lack of data size check',
16 silly audit report       severity: 'high',
16 silly audit report       vulnerable_versions: '>=1.0.0 <1.12.0',
16 silly audit report       cwe: [Array],
16 silly audit report       cvss: [Object]
16 silly audit report     }
16 silly audit report   ],
16 silly audit report   'brace-expansion': [
16 silly audit report     {
16 silly audit report       id: 1105443,
16 silly audit report       url: 'https://github.com/advisories/GHSA-v6h2-p8h4-qcjw',
16 silly audit report       title: 'brace-expansion Regular Expression Denial of Service vulnerability',
16 silly audit report       severity: 'low',
16 silly audit report       vulnerable_versions: '>=1.0.0 <=1.1.11',
16 silly audit report       cwe: [Array],
16 silly audit report       cvss: [Object]
16 silly audit report     }
16 silly audit report   ]
16 silly audit report }
17 silly packumentCache corgi:https://registry.npmjs.org/form-data cache-miss
18 silly packumentCache corgi:https://registry.npmjs.org/axios cache-miss
19 silly packumentCache corgi:https://registry.npmjs.org/brace-expansion cache-miss
20 http fetch GET 200 https://registry.npmjs.org/form-data 293ms (cache miss)
21 silly packumentCache corgi:https://registry.npmjs.org/form-data set size:undefined disposed:false
22 http fetch GET 200 https://registry.npmjs.org/brace-expansion 854ms (cache miss)
23 silly packumentCache corgi:https://registry.npmjs.org/brace-expansion set size:undefined disposed:false
24 http fetch GET 200 https://registry.npmjs.org/axios 872ms (cache miss)
25 silly packumentCache corgi:https://registry.npmjs.org/axios set size:undefined disposed:false
26 silly packumentCache corgi:https://registry.npmjs.org/@types%2frequest cache-miss
27 http fetch GET 200 https://registry.npmjs.org/@types%2frequest 334ms (cache miss)
28 silly packumentCache corgi:https://registry.npmjs.org/@types%2frequest set size:undefined disposed:false
29 silly packumentCache corgi:https://registry.npmjs.org/minimatch cache-miss
30 http fetch GET 200 https://registry.npmjs.org/minimatch 333ms (cache miss)
31 silly packumentCache corgi:https://registry.npmjs.org/minimatch set size:undefined disposed:false
32 verbose cwd h:\WebDev\NeuroCare\backend
33 verbose os Windows_NT 10.0.19045
34 verbose node v22.17.0
35 verbose npm  v11.6.2
36 verbose exit 0
37 info ok
