0 verbose cli C:\Program Files\nodejs\node.exe C:\Users\user\AppData\Roaming\npm\node_modules\npm\bin\npm-cli.js
1 info using npm@11.6.4
2 info using node@v22.17.0
3 silly config load:file:C:\Users\user\AppData\Roaming\npm\node_modules\npm\npmrc
4 silly config load:file:h:\WebDev\NeuroCare\backend\.npmrc
5 silly config load:file:C:\Users\user\.npmrc
6 silly config load:file:C:\Users\user\AppData\Roaming\npm\etc\npmrc
7 verbose title npm view axios description dist-tags.latest homepage version time
8 verbose argv "view" "--json" "--" "axios" "description" "dist-tags.latest" "homepage" "version" "time"
9 verbose logfile logs-max:10 dir:H:\WebDev\NeuroCare\backend\.npm-cache\_logs\2026-01-07T18_10_35_742Z-
10 verbose logfile H:\WebDev\NeuroCare\backend\.npm-cache\_logs\2026-01-07T18_10_35_742Z-debug-0.log
11 silly logfile start cleaning logs, removing 1 files
12 silly logfile done cleaning log files
13 http fetch GET 200 https://registry.npmjs.org/axios 1745ms (cache miss)
14 verbose cwd h:\WebDev\NeuroCare\backend
15 verbose os Windows_NT 10.0.19045
16 verbose node v22.17.0
17 verbose npm  v11.6.4
18 verbose exit 0
19 info ok
